# JRE version: OpenJDK Runtime Environment (11.0.8+10) (build 11.0.8+10-b944.6842174)
# Java VM: OpenJDK 64-Bit Server VM (11.0.8+10-b944.6842174, mixed mode, tiered, compressed oops, g1 gc, windows-amd64)
Heap:
 garbage-first heap   total 284672K, used 162150K [0x0000000080000000, 0x0000000100000000)
  region size 1024K, 11 young (11264K), 7 survivors (7168K)
 Metaspace       used 150219K, capacity 155272K, committed 156828K, reserved 1185792K
  class space    used 18123K, capacity 19874K, committed 20072K, reserved 1048576K
GC Heap History (20 events):
Event: 5037.464 GC heap before
{Heap before GC invocations=116 (full 0):
 garbage-first heap   total 284672K, used 232849K [0x0000000080000000, 0x0000000100000000)
  region size 1024K, 100 young (102400K), 1 survivors (1024K)
 Metaspace       used 148536K, capacity 152931K, committed 153244K, reserved 1183744K
  class space    used 17893K, capacity 19447K, committed 19560K, reserved 1048576K
}
Event: 5037.477 GC heap after
{Heap after GC invocations=117 (full 0):
 garbage-first heap   total 284672K, used 137456K [0x0000000080000000, 0x0000000100000000)
  region size 1024K, 6 young (6144K), 6 survivors (6144K)
 Metaspace       used 148536K, capacity 152931K, committed 153244K, reserved 1183744K
  class space    used 17893K, capacity 19447K, committed 19560K, reserved 1048576K
}
Event: 5167.543 GC heap before
{Heap before GC invocations=118 (full 0):
 garbage-first heap   total 284672K, used 253168K [0x0000000080000000, 0x0000000100000000)
  region size 1024K, 101 young (103424K), 6 survivors (6144K)
 Metaspace       used 149746K, capacity 154498K, committed 154780K, reserved 1183744K
  class space    used 18056K, capacity 19702K, committed 19816K, reserved 1048576K
}
Event: 5167.556 GC heap after
{Heap after GC invocations=119 (full 0):
 garbage-first heap   total 284672K, used 135737K [0x0000000080000000, 0x0000000100000000)
  region size 1024K, 4 young (4096K), 4 survivors (4096K)
 Metaspace       used 149746K, capacity 154498K, committed 154780K, reserved 1183744K
  class space    used 18056K, capacity 19702K, committed 19816K, reserved 1048576K
}
Event: 5167.826 GC heap before
{Heap before GC invocations=119 (full 0):
 garbage-first heap   total 284672K, used 148025K [0x0000000080000000, 0x0000000100000000)
  region size 1024K, 13 young (13312K), 4 survivors (4096K)
 Metaspace       used 149827K, capacity 154632K, committed 154780K, reserved 1183744K
  class space    used 18069K, capacity 19721K, committed 19816K, reserved 1048576K
}
Event: 5167.840 GC heap after
{Heap after GC invocations=120 (full 0):
 garbage-first heap   total 284672K, used 140929K [0x0000000080000000, 0x0000000100000000)
  region size 1024K, 2 young (2048K), 2 survivors (2048K)
 Metaspace       used 149827K, capacity 154632K, committed 154780K, reserved 1183744K
  class space    used 18069K, capacity 19721K, committed 19816K, reserved 1048576K
}
Event: 5170.095 GC heap before
{Heap before GC invocations=120 (full 0):
 garbage-first heap   total 284672K, used 237185K [0x0000000080000000, 0x0000000100000000)
  region size 1024K, 96 young (98304K), 2 survivors (2048K)
 Metaspace       used 151554K, capacity 156502K, committed 156828K, reserved 1185792K
  class space    used 18291K, capacity 19992K, committed 20072K, reserved 1048576K
}
Event: 5170.136 GC heap after
{Heap after GC invocations=121 (full 0):
 garbage-first heap   total 284672K, used 150449K [0x0000000080000000, 0x0000000100000000)
  region size 1024K, 12 young (12288K), 12 survivors (12288K)
 Metaspace       used 151554K, capacity 156502K, committed 156828K, reserved 1185792K
  class space    used 18291K, capacity 19992K, committed 20072K, reserved 1048576K
}
Event: 5170.723 GC heap before
{Heap before GC invocations=122 (full 0):
 garbage-first heap   total 284672K, used 231345K [0x0000000080000000, 0x0000000100000000)
  region size 1024K, 95 young (97280K), 12 survivors (12288K)
 Metaspace       used 151470K, capacity 156324K, committed 156828K, reserved 1185792K
  class space    used 18265K, capacity 19939K, committed 20072K, reserved 1048576K
}
Event: 5170.748 GC heap after
{Heap after GC invocations=123 (full 0):
 garbage-first heap   total 284672K, used 151642K [0x0000000080000000, 0x0000000100000000)
  region size 1024K, 5 young (5120K), 5 survivors (5120K)
 Metaspace       used 151470K, capacity 156324K, committed 156828K, reserved 1185792K
  class space    used 18265K, capacity 19939K, committed 20072K, reserved 1048576K
}
Event: 5170.778 GC heap before
{Heap before GC invocations=123 (full 0):
 garbage-first heap   total 284672K, used 159834K [0x0000000080000000, 0x0000000100000000)
  region size 1024K, 13 young (13312K), 5 survivors (5120K)
 Metaspace       used 151488K, capacity 156336K, committed 156828K, reserved 1185792K
  class space    used 18269K, capacity 19943K, committed 20072K, reserved 1048576K
}
Event: 5170.801 GC heap after
{Heap after GC invocations=124 (full 0):
 garbage-first heap   total 284672K, used 146432K [0x0000000080000000, 0x0000000100000000)
  region size 1024K, 1 young (1024K), 1 survivors (1024K)
 Metaspace       used 151488K, capacity 156336K, committed 156828K, reserved 1185792K
  class space    used 18269K, capacity 19943K, committed 20072K, reserved 1048576K
}
Event: 5171.393 GC heap before
{Heap before GC invocations=124 (full 0):
 garbage-first heap   total 284672K, used 235520K [0x0000000080000000, 0x0000000100000000)
  region size 1024K, 89 young (91136K), 1 survivors (1024K)
 Metaspace       used 151573K, capacity 156407K, committed 156828K, reserved 1185792K
  class space    used 18279K, capacity 19961K, committed 20072K, reserved 1048576K
}
Event: 5171.413 GC heap after
{Heap after GC invocations=125 (full 0):
 garbage-first heap   total 284672K, used 152453K [0x0000000080000000, 0x0000000100000000)
  region size 1024K, 7 young (7168K), 7 survivors (7168K)
 Metaspace       used 151573K, capacity 156407K, committed 156828K, reserved 1185792K
  class space    used 18279K, capacity 19961K, committed 20072K, reserved 1048576K
}
Event: 5212.035 GC heap before
{Heap before GC invocations=126 (full 0):
 garbage-first heap   total 284672K, used 237445K [0x0000000080000000, 0x0000000100000000)
  region size 1024K, 90 young (92160K), 7 survivors (7168K)
 Metaspace       used 150036K, capacity 155011K, committed 156828K, reserved 1185792K
  class space    used 18110K, capacity 19858K, committed 20072K, reserved 1048576K
}
Event: 5212.053 GC heap after
{Heap after GC invocations=127 (full 0):
 garbage-first heap   total 284672K, used 156232K [0x0000000080000000, 0x0000000100000000)
  region size 1024K, 5 young (5120K), 5 survivors (5120K)
 Metaspace       used 150036K, capacity 155011K, committed 156828K, reserved 1185792K
  class space    used 18110K, capacity 19858K, committed 20072K, reserved 1048576K
}
Event: 6086.848 GC heap before
{Heap before GC invocations=127 (full 0):
 garbage-first heap   total 284672K, used 164424K [0x0000000080000000, 0x0000000100000000)
  region size 1024K, 13 young (13312K), 5 survivors (5120K)
 Metaspace       used 150036K, capacity 155011K, committed 156828K, reserved 1185792K
  class space    used 18110K, capacity 19858K, committed 20072K, reserved 1048576K
}
Event: 6086.877 GC heap after
{Heap after GC invocations=128 (full 0):
 garbage-first heap   total 284672K, used 153037K [0x0000000080000000, 0x0000000100000000)
  region size 1024K, 1 young (1024K), 1 survivors (1024K)
 Metaspace       used 150036K, capacity 155011K, committed 156828K, reserved 1185792K
  class space    used 18110K, capacity 19858K, committed 20072K, reserved 1048576K
}
Event: 6664.476 GC heap before
{Heap before GC invocations=128 (full 0):
 garbage-first heap   total 284672K, used 238029K [0x0000000080000000, 0x0000000100000000)
  region size 1024K, 84 young (86016K), 1 survivors (1024K)
 Metaspace       used 150198K, capacity 155254K, committed 156828K, reserved 1185792K
  class space    used 18122K, capacity 19871K, committed 20072K, reserved 1048576K
}
Event: 6664.514 GC heap after
{Heap after GC invocations=129 (full 0):
 garbage-first heap   total 284672K, used 159078K [0x0000000080000000, 0x0000000100000000)
  region size 1024K, 7 young (7168K), 7 survivors (7168K)
 Metaspace       used 150198K, capacity 155254K, committed 156828K, reserved 1185792K
  class space    used 18122K, capacity 19871K, committed 20072K, reserved 1048576K
}

